<?xml version="1.0" encoding="UTF-8"?>
<!-- Generated by org.testng.reporters.JUnitReportReporter -->
<testsuite skipped="0" hostname="HOME" name="PART22.com.qa.testng.TC03_ParametersPassing" tests="1" failures="0" timestamp="25 Sep 2019 08:10:03 GMT" time="12.858" errors="0">
  <testcase name="adminLogin" time="12.858" classname="PART22.com.qa.testng.TC03_ParametersPassing"/>
</testsuite> <!-- PART22.com.qa.testng.TC03_ParametersPassing -->
