<?xml version="1.0" encoding="UTF-8"?>
<!-- Generated by org.testng.reporters.JUnitReportReporter -->
<testsuite name="com.qa.singletonclass.PageTest" tests="1" time="6.318" ignored="0" failures="0" timestamp="25 Jun 2020 07:17:44 GMT" skipped="0" hostname="DESKTOP-DH8AN6A" errors="0">
  <testcase name="testMethod1" time="6.318" classname="com.qa.singletonclass.PageTest"/>
</testsuite> <!-- com.qa.singletonclass.PageTest -->
