<?xml version="1.0" encoding="UTF-8"?>
<!-- Generated by org.testng.reporters.JUnitReportReporter -->
<testsuite skipped="0" hostname="HOME" name="PART22.com.qa.testng.TC04_DataProvider" tests="5" failures="0" timestamp="27 Sep 2019 19:03:04 GMT" time="0.016" errors="0">
  <testcase name="test" time="0.000" classname="PART22.com.qa.testng.TC04_DataProvider"/>
  <testcase name="test" time="0.000" classname="PART22.com.qa.testng.TC04_DataProvider"/>
  <testcase name="test" time="0.008" classname="PART22.com.qa.testng.TC04_DataProvider"/>
  <testcase name="test" time="0.004" classname="PART22.com.qa.testng.TC04_DataProvider"/>
  <testcase name="test" time="0.004" classname="PART22.com.qa.testng.TC04_DataProvider"/>
</testsuite> <!-- PART22.com.qa.testng.TC04_DataProvider -->
