<?xml version="1.0" encoding="UTF-8"?>
<!-- Generated by org.testng.reporters.JUnitReportReporter -->
<testsuite skipped="2" hostname="HOME" name="PART22.com.qa.testng.TC01_TestNGBasics" tests="8" failures="0" timestamp="24 Sep 2019 07:39:47 GMT" time="0.033" errors="0">
  <testcase name="a" time="0.008" classname="PART22.com.qa.testng.TC01_TestNGBasics"/>
  <testcase name="b" time="0.004" classname="PART22.com.qa.testng.TC01_TestNGBasics"/>
  <testcase name="d" time="0.000" classname="PART22.com.qa.testng.TC01_TestNGBasics"/>
  <testcase name="login" time="0.008" classname="PART22.com.qa.testng.TC01_TestNGBasics"/>
  <testcase name="Login1" time="0.009" classname="PART22.com.qa.testng.TC01_TestNGBasics"/>
  <testcase name="setup1" time="0.004" classname="PART22.com.qa.testng.TC01_TestNGBasics"/>
  <testcase name="c" classname="PART22.com.qa.testng.TC01_TestNGBasics">
    <skipped/>
  </testcase> <!-- c -->
  <testcase name="e" classname="PART22.com.qa.testng.TC01_TestNGBasics">
    <skipped/>
  </testcase> <!-- e -->
</testsuite> <!-- PART22.com.qa.testng.TC01_TestNGBasics -->
