<?xml version="1.0" encoding="UTF-8"?>
<!-- Generated by org.testng.reporters.JUnitReportReporter -->
<testsuite skipped="2" hostname="DESKTOP-DH8AN6A" name="PART23.com.qa.testng.TC01_TestNGBasics" tests="8" failures="0" timestamp="26 May 2020 05:08:06 GMT" time="0.034" errors="0">
  <testcase name="d" time="0.002" classname="PART23.com.qa.testng.TC01_TestNGBasics"/>
  <testcase name="b" time="0.004" classname="PART23.com.qa.testng.TC01_TestNGBasics"/>
  <testcase name="a" time="0.006" classname="PART23.com.qa.testng.TC01_TestNGBasics"/>
  <testcase name="login" time="0.004" classname="PART23.com.qa.testng.TC01_TestNGBasics"/>
  <testcase name="Login1" time="0.003" classname="PART23.com.qa.testng.TC01_TestNGBasics"/>
  <testcase name="setup1" time="0.015" classname="PART23.com.qa.testng.TC01_TestNGBasics"/>
  <testcase name="c" classname="PART23.com.qa.testng.TC01_TestNGBasics">
    <skipped/>
  </testcase> <!-- c -->
  <testcase name="e" classname="PART23.com.qa.testng.TC01_TestNGBasics">
    <skipped/>
  </testcase> <!-- e -->
</testsuite> <!-- PART23.com.qa.testng.TC01_TestNGBasics -->
