<?xml version="1.0" encoding="UTF-8"?>
<!-- Generated by org.testng.reporters.JUnitReportReporter -->
<testsuite skipped="0" hostname="HOME" name="PART22.com.qa.testng.TestNGBasics" tests="1" failures="0" timestamp="20 Sep 2019 18:16:38 GMT" time="0.012" errors="0">
  <testcase name="login" time="0.012" classname="PART22.com.qa.testng.TestNGBasics"/>
</testsuite> <!-- PART22.com.qa.testng.TestNGBasics -->
