<?xml version="1.0" encoding="UTF-8"?>
<!-- Generated by org.testng.reporters.JUnitReportReporter -->
<testsuite skipped="0" hostname="HOME" name="PART23.com.qa.testng.TC001_TestNGExecction" tests="2" failures="0" timestamp="07 Jan 2020 06:35:15 GMT" time="0.009" errors="0">
  <testcase name="test10" time="0.005" classname="PART23.com.qa.testng.TC001_TestNGExecction"/>
  <testcase name="test5" time="0.004" classname="PART23.com.qa.testng.TC001_TestNGExecction"/>
</testsuite> <!-- PART23.com.qa.testng.TC001_TestNGExecction -->
